\BOOKMARK [0][-]{chapter.1}{Introduction}{}% 1
\BOOKMARK [1][-]{section.1.1}{Goals}{chapter.1}% 2
\BOOKMARK [-1][-]{part.1}{I Theory}{}% 3
\BOOKMARK [0][-]{chapter.2}{Molecular dynamics}{part.1}% 4
\BOOKMARK [1][-]{section.2.1}{Potential energy surfaces}{chapter.2}% 5
\BOOKMARK [1][-]{section.2.2}{LAMMPS}{chapter.2}% 6
\BOOKMARK [2][-]{subsection.2.2.1}{Installing LAMMPS}{section.2.2}% 7
\BOOKMARK [2][-]{subsection.2.2.2}{LAMMPS input script}{section.2.2}% 8
\BOOKMARK [2][-]{subsection.2.2.3}{LAMMPS structure}{section.2.2}% 9
\BOOKMARK [2][-]{subsection.2.2.4}{Extending LAMMPS}{section.2.2}% 10
\BOOKMARK [0][-]{chapter.3}{Machine learning}{part.1}% 11
\BOOKMARK [1][-]{section.3.1}{Artificial Neural Networks}{chapter.3}% 12
\BOOKMARK [1][-]{section.3.2}{Training}{chapter.3}% 13
\BOOKMARK [2][-]{subsection.3.2.1}{Backpropagation}{section.3.2}% 14
\BOOKMARK [0][-]{chapter.4}{Neural networks in molecular dynamics}{part.1}% 15
\BOOKMARK [1][-]{section.4.1}{High-dimensional NNPs}{chapter.4}% 16
\BOOKMARK [2][-]{subsection.4.1.1}{Symmetry functions}{section.4.1}% 17
\BOOKMARK [2][-]{subsection.4.1.2}{Symmetry functions and forces}{section.4.1}% 18
\BOOKMARK [1][-]{section.4.2}{TensorFlow}{chapter.4}% 19
\BOOKMARK [2][-]{subsection.4.2.1}{Convolution}{section.4.2}% 20
\BOOKMARK [-1][-]{part.2}{II Implementation and validation}{}% 21
\BOOKMARK [0][-]{section.4.3}{Time usage}{part.2}% 22
\BOOKMARK [1][-]{section.4.4}{Training Lennard-Jones potential}{section.4.3}% 23
\BOOKMARK [2][-]{subsection.4.4.1}{Many-neighbour Lennard-Jones}{section.4.4}% 24
\BOOKMARK [1][-]{section.Alph0.1}{Appendix}{section.4.3}% 25
\BOOKMARK [2][-]{subsection.Alph0.1.1}{Symmetry functions derivatives}{section.Alph0.1}% 26
